%!Adobe-FontList 1.16
%Locale:0x804

%BeginFont
Handler:DirectoryHandler
FontType:CID
FontName:AdobeSongStd-Light
FamilyName:Adobe Song Std
StyleName:L
MenuName:Adobe 宋体 Std L
StyleBits:0
WeightClass:300
WidthClass:5
AngleClass:0
FullName:Adobe Song Std L
FamilyNameNative:Adobe 宋体 Std
StyleNameNative:L
FullNameNative:Adobe 宋体 Std L
WritingScript:SimplifiedChinese
OutlineFileName:\AdobeSongStd-Light.otf
DataFormat:sfntData
isCFF:yes
FileLength:15589544
FileModTime:1519910668
NameArray:0,Mac,4,Adobe Song Std L
NameArray:25,Mac,4,Adobe 宋体 Std L
NameArray:0,Win,1,Adobe Song Std L
NameArray:0,Win,16,Adobe Song Std
NameArray:25,Win,1,Adobe 宋体 Std L
NameArray:25,Win,16,Adobe 宋体 Std
%EndFont

%BeginFont
Handler:DirectoryHandler
FontType:Type1
FontName:NeueMachina-Regular
FamilyName:Neue Machina
StyleName:Regular
MenuName:Neue Machina
StyleBits:0
WeightClass:400
WidthClass:5
AngleClass:0
FullName:Neue Machina Regular
WritingScript:Roman
OutlineFileName:\NeueMachina-Regular.otf
DataFormat:sfntData
UsesStandardEncoding:yes
isCFF:yes
FileLength:59192
FileModTime:1574440298
NameArray:0,Mac,4,Neue Machina Regular
NameArray:0,Win,1,Neue Machina
%EndFont

